<?xml version="1.0" encoding="UTF-8"?>
<testng-results ignored="0" total="2" passed="2" failed="0" skipped="0">
  <reporter-output>
  </reporter-output>
  <suite started-at="2021-03-31T16:26:08 IST" name="APPLICATION REST API VALIDATION" finished-at="2021-03-31T16:26:21 IST" duration-ms="12449">
    <groups>
    </groups>
    <test started-at="2021-03-31T16:26:08 IST" name="Board crud" finished-at="2021-03-31T16:26:21 IST" duration-ms="12449">
      <class name="com.apps.testcases.BoardCrud">
        <test-method is-config="true" signature="setup()[pri:0, instance:com.apps.testcases.BoardCrud@163042ea]" started-at="2021-03-31T16:26:07 IST" name="setup" finished-at="2021-03-31T16:26:08 IST" duration-ms="1214" status="PASS">
          <reporter-output>
          </reporter-output>
        </test-method> <!-- setup -->
        <test-method is-config="true" signature="initializePreRequisite()[pri:0, instance:com.apps.testcases.BoardCrud@163042ea]" started-at="2021-03-31T16:26:09 IST" name="initializePreRequisite" finished-at="2021-03-31T16:26:09 IST" duration-ms="1" status="PASS">
          <reporter-output>
          </reporter-output>
        </test-method> <!-- initializePreRequisite -->
        <test-method signature="CreateBoard()[pri:0, instance:com.apps.testcases.BoardCrud@163042ea]" started-at="2021-03-31T16:26:09 IST" name="CreateBoard" finished-at="2021-03-31T16:26:17 IST" duration-ms="8767" status="PASS">
          <reporter-output>
          </reporter-output>
        </test-method> <!-- CreateBoard -->
        <test-method signature="CreateCard()[pri:0, instance:com.apps.testcases.BoardCrud@163042ea]" started-at="2021-03-31T16:26:17 IST" name="CreateCard" finished-at="2021-03-31T16:26:20 IST" duration-ms="2085" status="PASS">
          <reporter-output>
          </reporter-output>
        </test-method> <!-- CreateCard -->
        <test-method is-config="true" signature="teardown()[pri:0, instance:com.apps.testcases.BoardCrud@163042ea]" started-at="2021-03-31T16:26:20 IST" name="teardown" finished-at="2021-03-31T16:26:21 IST" duration-ms="1049" status="PASS">
          <reporter-output>
          </reporter-output>
        </test-method> <!-- teardown -->
      </class> <!-- com.apps.testcases.BoardCrud -->
    </test> <!-- Board crud -->
  </suite> <!-- APPLICATION REST API VALIDATION -->
</testng-results>
